[debug] [2023-11-17T11:17:42.760Z] ----------------------------------------------------------------------
[debug] [2023-11-17T11:17:42.763Z] Command:       C:\Program Files\nodejs\node.exe C:\Users\Anil\AppData\Roaming\npm\node_modules\firebase-tools\lib\bin\firebase.js init
[debug] [2023-11-17T11:17:42.763Z] CLI Version:   12.9.1
[debug] [2023-11-17T11:17:42.764Z] Platform:      win32
[debug] [2023-11-17T11:17:42.764Z] Node Version:  v18.16.0
[debug] [2023-11-17T11:17:42.765Z] Time:          Fri Nov 17 2023 16:47:42 GMT+0530 (India Standard Time)
[debug] [2023-11-17T11:17:42.765Z] ----------------------------------------------------------------------
[debug] 
[debug] [2023-11-17T11:17:42.876Z] > command requires scopes: ["email","openid","https://www.googleapis.com/auth/cloudplatformprojects.readonly","https://www.googleapis.com/auth/firebase","https://www.googleapis.com/auth/cloud-platform"]
[debug] [2023-11-17T11:17:42.877Z] > authorizing via signed-in user (dorababukondala@gmail.com)
[info] 
     ######## #### ########  ######## ########     ###     ######  ########
     ##        ##  ##     ## ##       ##     ##  ##   ##  ##       ##
     ######    ##  ########  ######   ########  #########  ######  ######
     ##        ##  ##    ##  ##       ##     ## ##     ##       ## ##
     ##       #### ##     ## ######## ########  ##     ##  ######  ########

You're about to initialize a Firebase project in this directory:

  G:\React\amazon-clone\Amazon-Cone

Before we get started, keep in mind:

  * You are initializing within an existing Firebase project directory

[info] 
=== Project Setup
[info] 
[info] First, let's associate this project directory with a Firebase project.
[info] You can create multiple project aliases by running firebase use --add, 
[info] but for now we'll just set up a default project.
[info] 
[debug] [2023-11-17T11:17:50.284Z] Using project from CLI flag: clone-70561
[debug] [2023-11-17T11:17:50.287Z] >>> [apiv2][query] GET https://firebase.googleapis.com/v1beta1/projects/clone-70561 [none]
[debug] [2023-11-17T11:17:50.781Z] <<< [apiv2][status] GET https://firebase.googleapis.com/v1beta1/projects/clone-70561 200
[debug] [2023-11-17T11:17:50.781Z] <<< [apiv2][body] GET https://firebase.googleapis.com/v1beta1/projects/clone-70561 {"projectId":"clone-70561","projectNumber":"110574297426","displayName":"Amazon-Clone","name":"projects/clone-70561","resources":{"hostingSite":"clone-70561"},"state":"ACTIVE","etag":"1_44f93fd3-813e-46c6-bde6-d96a729325f1"}
[info] i  Using project clone-70561 (Amazon-Clone) 
[info] 
=== Hosting Setup
[debug] [2023-11-17T11:17:50.817Z] >>> [apiv2][query] GET https://firebase.googleapis.com/v1beta1/projects/clone-70561 [none]
[debug] [2023-11-17T11:17:51.493Z] <<< [apiv2][status] GET https://firebase.googleapis.com/v1beta1/projects/clone-70561 200
[debug] [2023-11-17T11:17:51.493Z] <<< [apiv2][body] GET https://firebase.googleapis.com/v1beta1/projects/clone-70561 {"projectId":"clone-70561","projectNumber":"110574297426","displayName":"Amazon-Clone","name":"projects/clone-70561","resources":{"hostingSite":"clone-70561"},"state":"ACTIVE","etag":"1_44f93fd3-813e-46c6-bde6-d96a729325f1"}
[info] 
[info] Your public directory is the folder (relative to your project directory) that
[info] will contain Hosting assets to be uploaded with firebase deploy. If you
[info] have a build process for your assets, use your build's output directory.
[info] 
